<?xml version="1.0" encoding="UTF-8"?>
<testng-results ignored="0" total="1" passed="1" failed="0" skipped="0">
  <reporter-output>
  </reporter-output>
  <suite started-at="2025-08-28T12:06:41 IST" name="Default suite" finished-at="2025-08-28T12:06:48 IST" duration-ms="7427">
    <groups>
    </groups>
    <test started-at="2025-08-28T12:06:41 IST" name="Default test" finished-at="2025-08-28T12:06:48 IST" duration-ms="7427">
      <class name="com.examples.Q3">
        <test-method is-config="true" signature="beforeSuite()[pri:0, instance:com.examples.Q3@58a9760d]" started-at="2025-08-28T12:06:41 IST" name="beforeSuite" finished-at="2025-08-28T12:06:41 IST" duration-ms="16" status="PASS">
          <reporter-output>
          </reporter-output>
        </test-method> <!-- beforeSuite -->
        <test-method is-config="true" signature="beforeTest()[pri:0, instance:com.examples.Q3@58a9760d]" started-at="2025-08-28T12:06:41 IST" name="beforeTest" finished-at="2025-08-28T12:06:41 IST" duration-ms="1" status="PASS">
          <reporter-output>
          </reporter-output>
        </test-method> <!-- beforeTest -->
        <test-method is-config="true" signature="beforeClass()[pri:0, instance:com.examples.Q3@58a9760d]" started-at="2025-08-28T12:06:41 IST" name="beforeClass" finished-at="2025-08-28T12:06:41 IST" duration-ms="0" status="PASS">
          <reporter-output>
          </reporter-output>
        </test-method> <!-- beforeClass -->
        <test-method is-config="true" signature="beforeMethod()[pri:0, instance:com.examples.Q3@58a9760d]" started-at="2025-08-28T12:06:41 IST" name="beforeMethod" finished-at="2025-08-28T12:06:43 IST" duration-ms="2565" status="PASS">
          <reporter-output>
          </reporter-output>
        </test-method> <!-- beforeMethod -->
        <test-method signature="Search(java.lang.String)[pri:0, instance:com.examples.Q3@58a9760d]" started-at="2025-08-28T12:06:43 IST" name="Search" data-provider="dp" finished-at="2025-08-28T12:06:48 IST" duration-ms="4802" status="PASS">
          <params>
            <param index="0">
              <value>
                <![CDATA[laptop]]>
              </value>
            </param>
          </params>
          <reporter-output>
          </reporter-output>
        </test-method> <!-- Search -->
        <test-method is-config="true" signature="afterMethod()[pri:0, instance:com.examples.Q3@58a9760d]" started-at="2025-08-28T12:06:48 IST" name="afterMethod" finished-at="2025-08-28T12:06:48 IST" duration-ms="0" status="PASS">
          <reporter-output>
          </reporter-output>
        </test-method> <!-- afterMethod -->
        <test-method is-config="true" signature="afterClass()[pri:0, instance:com.examples.Q3@58a9760d]" started-at="2025-08-28T12:06:48 IST" name="afterClass" finished-at="2025-08-28T12:06:48 IST" duration-ms="0" status="PASS">
          <reporter-output>
          </reporter-output>
        </test-method> <!-- afterClass -->
        <test-method is-config="true" signature="afterTest()[pri:0, instance:com.examples.Q3@58a9760d]" started-at="2025-08-28T12:06:48 IST" name="afterTest" finished-at="2025-08-28T12:06:48 IST" duration-ms="0" status="PASS">
          <reporter-output>
          </reporter-output>
        </test-method> <!-- afterTest -->
        <test-method is-config="true" signature="afterSuite()[pri:0, instance:com.examples.Q3@58a9760d]" started-at="2025-08-28T12:06:48 IST" name="afterSuite" finished-at="2025-08-28T12:06:48 IST" duration-ms="0" status="PASS">
          <reporter-output>
          </reporter-output>
        </test-method> <!-- afterSuite -->
      </class> <!-- com.examples.Q3 -->
    </test> <!-- Default test -->
  </suite> <!-- Default suite -->
</testng-results>
